Arguments: 
  C:\Program Files\nodejs\node.exe C:\Users\asare\AppData\Roaming\npm\node_modules\yarn\bin\yarn.js

PATH: 
  C:\Users\asare\bin;C:\Program Files\Git\mingw64\bin;C:\Program Files\Git\usr\local\bin;C:\Program Files\Git\usr\bin;C:\Program Files\Git\usr\bin;C:\Program Files\Git\mingw64\bin;C:\Program Files\Git\usr\bin;C:\Users\asare\bin;C:\Program Files\Common Files\Oracle\Java\javapath;C:\Python310\Scripts;C:\Python310;C:\windows\system32;C:\windows;C:\windows\System32\Wbem;C:\windows\System32\WindowsPowerShell\v1.0;C:\windows\System32\OpenSSH;C:\Program Files (x86)\NVIDIA Corporation\PhysX\Common;C:\Program Files\NVIDIA Corporation\NVIDIA NvDLISR;C:\WINDOWS\system32;C:\WINDOWS;C:\WINDOWS\System32\Wbem;C:\WINDOWS\System32\WindowsPowerShell\v1.0;C:\WINDOWS\System32\OpenSSH;C:\Program Files\Git\cmd;C:\Program Files\Docker\Docker\resources\bin;C:\ProgramData\DockerDesktop\version-bin;C:\ProgramData\chocolatey\bin;C:\Program Files\MongoDB\Server\5.0\bin;C:\Program Files\OpenJDK\openjdk-11.0.15_10\bin;C:\Program Files\nodejs;C:\Users\asare\AppData\Local\Android\Sdk\emulator;C:\Program Files\MySQL\MySQL Shell 8.0\bin;C:\Users\asare\AppData\Local\Microsoft\WindowsApps;C:\Users\asare\AppData\Local\Programs\Microsoft VS Code\bin;C:\Users\asare\AppData\Local\Android\Sdk\platform-tools;C:\Users\asare\AppData\Roaming\npm;C:\Program Files (x86)\BrowserStackLocal;C:\Users\asare\AppData\Local\Android\Sdk\emulator;C:\Program Files\Git\usr\bin\vendor_perl;C:\Program Files\Git\usr\bin\core_perl

Yarn version: 
  1.22.19

Node version: 
  16.15.1

Platform: 
  win32 x64

Trace: 
  Error: getaddrinfo ENOTFOUND registry.yarnpkg.com
      at GetAddrInfoReqWrap.onlookup [as oncomplete] (node:dns:71:26)

npm manifest: 
  {
    "name": "redis-om-express",
    "version": "1.0.0",
    "description": "Started code for Redis OM + Express workshop.",
    "type": "module",
    "scripts": {
      "start": "nodemon server.js"
    },
    "author": "Guy Royse <guy@guyroyse.com> (http://guyroyse.com/)",
    "license": "MIT",
    "private": true,
    "devDependencies": {
      "nodemon": "^2.0.15"
    },
    "dependencies": {
      "dotenv": "^16.0.0",
      "express": "^4.17.3",
      "redis": "^4.0.4",
      "redis-om": "^0.2.0",
      "swagger-ui-express": "^4.3.0",
      "yamljs": "^0.3.0"
    }
  }

yarn manifest: 
  No manifest

Lockfile: 
  No lockfile
